2024-06-09T18:48:42.346097Z  INFO transfer_window_controller: Starting application    
2024-06-09T18:48:42.511556Z  INFO transfer_window_controller: Memory: 16670826496 B    
2024-06-09T18:48:42.511592Z  INFO transfer_window_controller: Swap: 17179865088 B    
2024-06-09T18:48:42.511631Z  INFO transfer_window_controller: OS: Some("Linux 22.04 Ubuntu")    
2024-06-09T18:48:42.511661Z  INFO transfer_window_controller: Kernel version: Some("6.5.0-35-generic")    
2024-06-09T18:48:42.511671Z  INFO transfer_window_controller: CPU architecture: Some("x86_64")    
2024-06-09T18:48:42.511679Z  INFO transfer_window_controller: CPU #0: Intel(R) Core(TM) i5-10400F CPU @ 2.90GHz @ 4071 MHz    
2024-06-09T18:48:42.511689Z  INFO transfer_window_controller: CPU #1: Intel(R) Core(TM) i5-10400F CPU @ 2.90GHz @ 4099 MHz    
2024-06-09T18:48:42.511696Z  INFO transfer_window_controller: CPU #2: Intel(R) Core(TM) i5-10400F CPU @ 2.90GHz @ 4029 MHz    
2024-06-09T18:48:42.511702Z  INFO transfer_window_controller: CPU #3: Intel(R) Core(TM) i5-10400F CPU @ 2.90GHz @ 4068 MHz    
2024-06-09T18:48:42.511709Z  INFO transfer_window_controller: CPU #4: Intel(R) Core(TM) i5-10400F CPU @ 2.90GHz @ 4097 MHz    
2024-06-09T18:48:42.511715Z  INFO transfer_window_controller: CPU #5: Intel(R) Core(TM) i5-10400F CPU @ 2.90GHz @ 4099 MHz    
2024-06-09T18:48:42.511722Z  INFO transfer_window_controller: CPU #6: Intel(R) Core(TM) i5-10400F CPU @ 2.90GHz @ 4085 MHz    
2024-06-09T18:48:42.511728Z  INFO transfer_window_controller: CPU #7: Intel(R) Core(TM) i5-10400F CPU @ 2.90GHz @ 4099 MHz    
2024-06-09T18:48:42.511735Z  INFO transfer_window_controller: CPU #8: Intel(R) Core(TM) i5-10400F CPU @ 2.90GHz @ 800 MHz    
2024-06-09T18:48:42.511741Z  INFO transfer_window_controller: CPU #9: Intel(R) Core(TM) i5-10400F CPU @ 2.90GHz @ 4099 MHz    
2024-06-09T18:48:42.511747Z  INFO transfer_window_controller: CPU #10: Intel(R) Core(TM) i5-10400F CPU @ 2.90GHz @ 4099 MHz    
2024-06-09T18:48:42.511754Z  INFO transfer_window_controller: CPU #11: Intel(R) Core(TM) i5-10400F CPU @ 2.90GHz @ 4094 MHz    
2024-06-09T18:48:42.515354Z DEBUG eframe: Using the glow renderer    
2024-06-09T18:48:42.522659Z DEBUG eframe::native::glow_integration: Event::Resumed    
2024-06-09T18:48:42.522862Z DEBUG eframe::native::glow_integration: trying to create glutin Display with config: ConfigTemplateBuilder { template: ConfigTemplate { color_buffer_type: Rgb { r_size: 8, g_size: 8, b_size: 8 }, alpha_size: 8, depth_size: 0, stencil_size: 0, num_samples: None, min_swap_interval: None, max_swap_interval: None, config_surface_types: ConfigSurfaceTypes(WINDOW), api: None, transparency: false, single_buffering: false, stereoscopy: None, float_pixels: false, max_pbuffer_width: None, hardware_accelerated: None, max_pbuffer_height: None, native_window: None } }    
2024-06-09T18:48:42.534407Z DEBUG eframe::native::glow_integration: using the first config from config picker closure. config: Glx(Config { inner: Config { raw: GlxConfig(0x580f36e70900), display: GlxDisplay(0x580f36d040c0) } })    
2024-06-09T18:48:42.534711Z  INFO winit::platform_impl::platform::x11::window: Guessed window scale factor: 1    
2024-06-09T18:48:42.534736Z DEBUG winit::platform_impl::platform::x11::window: Calculated physical dimensions: 800x600    
2024-06-09T18:48:42.536443Z DEBUG winit::platform_impl::platform::x11::ime: failed to create IME context without preedit support.    
2024-06-09T18:48:42.536530Z DEBUG eframe::native::glow_integration: successfully created GL Display with version: GLX 1.4 and supported features: DisplayFeatures(CONTEXT_ROBUSTNESS | CONTEXT_NO_ERROR | FLOAT_PIXEL_FORMAT | SWAP_CONTROL | CONTEXT_RELEASE_BEHAVIOR | CREATE_ES_CONTEXT | MULTISAMPLING_PIXEL_FORMATS | SRGB_FRAMEBUFFERS)    
2024-06-09T18:48:42.536550Z DEBUG eframe::native::glow_integration: creating gl context using raw window handle: Some(Xlib(XlibWindowHandle { window: 104857605, visual_id: 40 }))    
2024-06-09T18:48:42.544147Z DEBUG eframe::native::glow_integration: Initializing egui_winit for viewport "FFFF"    
2024-06-09T18:48:42.544796Z DEBUG egui_winit::clipboard: Cannot init smithay clipboard without a Wayland display handle    
2024-06-09T18:48:42.544842Z DEBUG eframe::native::glow_integration: Creating a gl_surface for viewport "FFFF"    
2024-06-09T18:48:42.786126Z DEBUG egui_glow::painter: 
opengl version: 3.3.0 NVIDIA 550.67
opengl renderer: NVIDIA GeForce RTX 2060/PCIe/SSE2
opengl vendor: NVIDIA Corporation    
2024-06-09T18:48:42.786210Z DEBUG egui_glow::shader_version: Shader version: Gl140 ("3.30 NVIDIA via Cg compiler").    
2024-06-09T18:48:42.786223Z DEBUG egui_glow::painter: Shader header: "#version 140\n".    
2024-06-09T18:48:42.786262Z DEBUG egui_glow::painter: SRGB texture Support: true    
2024-06-09T18:48:42.786284Z DEBUG egui_glow::painter: SRGB framebuffer Support: true    
2024-06-09T18:48:42.787753Z DEBUG egui_glow::vao: GL version: "3.3.0 NVIDIA 550.67".    
2024-06-09T18:48:42.801064Z  INFO transfer_window_controller: Initialising controller    
2024-06-09T18:48:42.801095Z  INFO transfer_window_controller: OpenGL version: 3.3.0 NVIDIA 550.67    
2024-06-09T18:48:42.801106Z  INFO transfer_window_controller: OpenGL renderer: NVIDIA GeForce RTX 2060/PCIe/SSE2    
2024-06-09T18:48:42.801114Z  INFO transfer_window_controller: GLSL version: 3.30 NVIDIA via Cg compiler    
2024-06-09T18:48:42.801144Z  INFO transfer_window_view::resources: Loading resources    
2024-06-09T18:48:42.801232Z TRACE transfer_window_view::resources: Loading texture file://view/resources/textures/warp-here.png    
2024-06-09T18:48:42.802968Z TRACE transfer_window_view::resources: Loading texture file://view/resources/textures/vessel-icon-light.png    
2024-06-09T18:48:42.805998Z TRACE transfer_window_view::resources: Loading texture file://view/resources/textures/planet-target.drawio.png    
2024-06-09T18:48:42.807844Z TRACE transfer_window_view::resources: Loading texture file://view/resources/textures/burn-start.png    
2024-06-09T18:48:42.827360Z TRACE transfer_window_view::resources: Loading texture file://view/resources/textures/next-orbit.png    
2024-06-09T18:48:42.828038Z TRACE transfer_window_view::resources: Loading texture file://view/resources/textures/periapsis.png    
2024-06-09T18:48:42.834379Z TRACE transfer_window_view::resources: Loading texture file://view/resources/textures/set-target.png    
2024-06-09T18:48:42.837614Z TRACE transfer_window_view::resources: Loading texture file://view/resources/textures/time-step-false.png    
2024-06-09T18:48:42.839161Z TRACE transfer_window_view::resources: Loading texture file://view/resources/textures/encounter-exit.png    
2024-06-09T18:48:42.840676Z TRACE transfer_window_view::resources: Loading texture file://view/resources/textures/encounter-entrance.png    
2024-06-09T18:48:42.842186Z TRACE transfer_window_view::resources: Loading texture file://view/resources/textures/star-target.png    
2024-06-09T18:48:42.849965Z TRACE transfer_window_view::resources: Loading texture file://view/resources/textures/time-step-paused.png    
2024-06-09T18:48:42.851490Z TRACE transfer_window_view::resources: Loading texture file://view/resources/textures/vessel-icon-torpedo-target.png    
2024-06-09T18:48:42.858338Z TRACE transfer_window_view::resources: Loading texture file://view/resources/textures/guidance.png    
2024-06-09T18:48:42.862655Z TRACE transfer_window_view::resources: Loading texture file://view/resources/textures/create-burn.png    
2024-06-09T18:48:42.867437Z TRACE transfer_window_view::resources: Loading texture file://view/resources/textures/tank-medium.png    
2024-06-09T18:48:42.876698Z TRACE transfer_window_view::resources: Loading texture file://view/resources/textures/tank-large.png    
2024-06-09T18:48:42.884115Z TRACE transfer_window_view::resources: Loading texture file://view/resources/textures/tank-small.png    
2024-06-09T18:48:42.890724Z TRACE transfer_window_view::resources: Loading texture file://view/resources/textures/isp.png    
2024-06-09T18:48:42.892180Z TRACE transfer_window_view::resources: Loading texture file://view/resources/textures/blank-slot.png    
2024-06-09T18:48:42.892398Z TRACE transfer_window_view::resources: Loading texture file://view/resources/textures/adjust-burn-arrow.png    
2024-06-09T18:48:42.894493Z TRACE transfer_window_view::resources: Loading texture file://view/resources/textures/clear-slot.png    
2024-06-09T18:48:42.896210Z TRACE transfer_window_view::resources: Loading texture file://view/resources/textures/burn.png    
2024-06-09T18:48:42.900005Z TRACE transfer_window_view::resources: Loading texture file://view/resources/textures/planet.png    
2024-06-09T18:48:42.902264Z TRACE transfer_window_view::resources: Loading texture file://view/resources/textures/vessel-icon-light-target.png    
2024-06-09T18:48:42.908466Z TRACE transfer_window_view::resources: Loading texture file://view/resources/textures/edit.png    
2024-06-09T18:48:42.909739Z TRACE transfer_window_view::resources: Loading texture file://view/resources/textures/engine-high-thrust.png    
2024-06-09T18:48:42.918204Z TRACE transfer_window_view::resources: Loading texture file://view/resources/textures/torpedo.png    
2024-06-09T18:48:42.922301Z TRACE transfer_window_view::resources: Loading texture file://view/resources/textures/moon-target.png    
2024-06-09T18:48:42.928503Z TRACE transfer_window_view::resources: Loading texture file://view/resources/textures/intercept.png    
2024-06-09T18:48:42.932958Z TRACE transfer_window_view::resources: Loading texture file://view/resources/textures/enable-guidance.png    
2024-06-09T18:48:42.937389Z TRACE transfer_window_view::resources: Loading texture file://view/resources/textures/focus.png    
2024-06-09T18:48:42.939170Z TRACE transfer_window_view::resources: Loading texture file://view/resources/textures/closest-approach-1.png    
2024-06-09T18:48:42.943704Z TRACE transfer_window_view::resources: Loading texture file://view/resources/textures/moon.png    
2024-06-09T18:48:42.945957Z TRACE transfer_window_view::resources: Loading texture file://view/resources/textures/previous-orbit.png    
2024-06-09T18:48:42.946690Z TRACE transfer_window_view::resources: Loading texture file://view/resources/textures/star.png    
2024-06-09T18:48:42.948587Z TRACE transfer_window_view::resources: Loading texture file://view/resources/textures/circle.png    
2024-06-09T18:48:42.950130Z TRACE transfer_window_view::resources: Loading texture file://view/resources/textures/fuel.png    
2024-06-09T18:48:42.951353Z TRACE transfer_window_view::resources: Loading texture file://view/resources/textures/time.png    
2024-06-09T18:48:42.953026Z TRACE transfer_window_view::resources: Loading texture file://view/resources/textures/cancel.png    
2024-06-09T18:48:42.954876Z TRACE transfer_window_view::resources: Loading texture file://view/resources/textures/unset-target.png    
2024-06-09T18:48:42.970354Z TRACE transfer_window_view::resources: Loading texture file://view/resources/textures/time-step-warp.png    
2024-06-09T18:48:42.971966Z TRACE transfer_window_view::resources: Loading texture file://view/resources/textures/fire-possible.png    
2024-06-09T18:48:42.985907Z TRACE transfer_window_view::resources: Loading texture file://view/resources/textures/burn-burnt.png    
2024-06-09T18:48:43.002153Z TRACE transfer_window_view::resources: Loading texture file://view/resources/textures/thrust.png    
2024-06-09T18:48:43.004570Z TRACE transfer_window_view::resources: Loading texture file://view/resources/textures/ship-light.png    
2024-06-09T18:48:43.119913Z TRACE transfer_window_view::resources: Loading texture file://view/resources/textures/burn-end.png    
2024-06-09T18:48:43.138859Z TRACE transfer_window_view::resources: Loading texture file://view/resources/textures/time-step-true.png    
2024-06-09T18:48:43.140465Z TRACE transfer_window_view::resources: Loading texture file://view/resources/textures/duration.png    
2024-06-09T18:48:43.142148Z TRACE transfer_window_view::resources: Loading texture file://view/resources/textures/engine-efficient.png    
2024-06-09T18:48:43.146903Z TRACE transfer_window_view::resources: Loading texture file://view/resources/textures/apoapsis.png    
2024-06-09T18:48:43.152824Z TRACE transfer_window_view::resources: Loading texture file://view/resources/textures/vessel-icon-torpedo.png    
2024-06-09T18:48:43.154616Z TRACE transfer_window_view::resources: Loading texture file://view/resources/textures/closest-approach-2.png    
2024-06-09T18:48:44.322891Z DEBUG transfer_window_controller: Handling controller event NewGame    
2024-06-09T18:48:44.327150Z  INFO transfer_window_view::resources: Building renderers    
2024-06-09T18:48:44.327173Z TRACE transfer_window_view::resources: Building renderer for thrust    
2024-06-09T18:48:44.327278Z TRACE transfer_window_view::resources: Building renderer for closest-approach-2    
2024-06-09T18:48:44.327381Z TRACE transfer_window_view::resources: Building renderer for closest-approach-1    
2024-06-09T18:48:44.327481Z TRACE transfer_window_view::resources: Building renderer for fire-possible    
2024-06-09T18:48:44.327583Z TRACE transfer_window_view::resources: Building renderer for burn-start    
2024-06-09T18:48:44.327682Z TRACE transfer_window_view::resources: Building renderer for moon    
2024-06-09T18:48:44.327779Z TRACE transfer_window_view::resources: Building renderer for vessel-icon-torpedo    
2024-06-09T18:48:44.327877Z TRACE transfer_window_view::resources: Building renderer for time-step-paused    
2024-06-09T18:48:44.328031Z TRACE transfer_window_view::resources: Building renderer for tank-large    
2024-06-09T18:48:44.328132Z TRACE transfer_window_view::resources: Building renderer for time-step-false    
2024-06-09T18:48:44.328231Z TRACE transfer_window_view::resources: Building renderer for circle    
2024-06-09T18:48:44.328330Z TRACE transfer_window_view::resources: Building renderer for burn-end    
2024-06-09T18:48:44.328429Z TRACE transfer_window_view::resources: Building renderer for warp-here    
2024-06-09T18:48:44.328528Z TRACE transfer_window_view::resources: Building renderer for star    
2024-06-09T18:48:44.328640Z TRACE transfer_window_view::resources: Building renderer for planet-target    
2024-06-09T18:48:44.328769Z TRACE transfer_window_view::resources: Building renderer for adjust-burn-arrow    
2024-06-09T18:48:44.328892Z TRACE transfer_window_view::resources: Building renderer for vessel-icon-light-target    
2024-06-09T18:48:44.329012Z TRACE transfer_window_view::resources: Building renderer for time    
2024-06-09T18:48:44.329133Z TRACE transfer_window_view::resources: Building renderer for time-step-warp    
2024-06-09T18:48:44.329253Z TRACE transfer_window_view::resources: Building renderer for ship-light    
2024-06-09T18:48:44.329371Z TRACE transfer_window_view::resources: Building renderer for time-step-true    
2024-06-09T18:48:44.329490Z TRACE transfer_window_view::resources: Building renderer for create-burn    
2024-06-09T18:48:44.329609Z TRACE transfer_window_view::resources: Building renderer for cancel    
2024-06-09T18:48:44.329727Z TRACE transfer_window_view::resources: Building renderer for isp    
2024-06-09T18:48:44.329845Z TRACE transfer_window_view::resources: Building renderer for duration    
2024-06-09T18:48:44.329965Z TRACE transfer_window_view::resources: Building renderer for star-target    
2024-06-09T18:48:44.330082Z TRACE transfer_window_view::resources: Building renderer for next-orbit    
2024-06-09T18:48:44.330210Z TRACE transfer_window_view::resources: Building renderer for periapsis    
2024-06-09T18:48:44.330337Z TRACE transfer_window_view::resources: Building renderer for encounter-exit    
2024-06-09T18:48:44.330480Z TRACE transfer_window_view::resources: Building renderer for clear-slot    
2024-06-09T18:48:44.330598Z TRACE transfer_window_view::resources: Building renderer for enable-guidance    
2024-06-09T18:48:44.330722Z TRACE transfer_window_view::resources: Building renderer for planet    
2024-06-09T18:48:44.330851Z TRACE transfer_window_view::resources: Building renderer for fuel    
2024-06-09T18:48:44.330987Z TRACE transfer_window_view::resources: Building renderer for burn    
2024-06-09T18:48:44.331106Z TRACE transfer_window_view::resources: Building renderer for guidance    
2024-06-09T18:48:44.331233Z TRACE transfer_window_view::resources: Building renderer for tank-medium    
2024-06-09T18:48:44.331361Z TRACE transfer_window_view::resources: Building renderer for edit    
2024-06-09T18:48:44.331500Z TRACE transfer_window_view::resources: Building renderer for engine-high-thrust    
2024-06-09T18:48:44.331619Z TRACE transfer_window_view::resources: Building renderer for unset-target    
2024-06-09T18:48:44.331744Z TRACE transfer_window_view::resources: Building renderer for engine-efficient    
2024-06-09T18:48:44.331871Z TRACE transfer_window_view::resources: Building renderer for burn-burnt    
2024-06-09T18:48:44.332007Z TRACE transfer_window_view::resources: Building renderer for encounter-entrance    
2024-06-09T18:48:44.332125Z TRACE transfer_window_view::resources: Building renderer for previous-orbit    
2024-06-09T18:48:44.332249Z TRACE transfer_window_view::resources: Building renderer for vessel-icon-light    
2024-06-09T18:48:44.332376Z TRACE transfer_window_view::resources: Building renderer for focus    
2024-06-09T18:48:44.332515Z TRACE transfer_window_view::resources: Building renderer for torpedo    
2024-06-09T18:48:44.332643Z TRACE transfer_window_view::resources: Building renderer for apoapsis    
2024-06-09T18:48:44.332767Z TRACE transfer_window_view::resources: Building renderer for set-target    
2024-06-09T18:48:44.332897Z TRACE transfer_window_view::resources: Building renderer for blank-slot    
2024-06-09T18:48:44.333035Z TRACE transfer_window_view::resources: Building renderer for vessel-icon-torpedo-target    
2024-06-09T18:48:44.333153Z TRACE transfer_window_view::resources: Building renderer for tank-small    
2024-06-09T18:48:44.333273Z TRACE transfer_window_view::resources: Building renderer for intercept    
2024-06-09T18:48:44.333398Z TRACE transfer_window_view::resources: Building renderer for moon-target    
2024-06-09T18:48:44.824300Z DEBUG transfer_window_view::game::events: Handling view event IconHovered    
2024-06-09T18:48:44.841005Z DEBUG transfer_window_view::game::events: Handling view event IconHovered    
2024-06-09T18:48:44.857661Z DEBUG transfer_window_view::game::events: Handling view event IconHovered    
2024-06-09T18:48:44.874387Z DEBUG transfer_window_view::game::events: Handling view event IconHovered    
2024-06-09T18:48:44.890940Z DEBUG transfer_window_view::game::events: Handling view event IconHovered    
2024-06-09T18:48:44.907752Z DEBUG transfer_window_view::game::events: Handling view event IconHovered    
2024-06-09T18:48:44.924192Z DEBUG transfer_window_view::game::events: Handling view event IconHovered    
2024-06-09T18:48:44.940833Z DEBUG transfer_window_view::game::events: Handling view event IconHovered    
2024-06-09T18:48:44.957276Z DEBUG transfer_window_view::game::events: Handling view event IconHovered    
2024-06-09T18:48:44.974347Z DEBUG transfer_window_view::game::events: Handling view event IconHovered    
2024-06-09T18:48:44.991115Z DEBUG transfer_window_view::game::events: Handling view event IconHovered    
2024-06-09T18:48:45.007902Z DEBUG transfer_window_view::game::events: Handling view event IconHovered    
2024-06-09T18:48:45.024197Z DEBUG transfer_window_view::game::events: Handling view event IconHovered    
2024-06-09T18:48:45.041565Z DEBUG transfer_window_view::game::events: Handling view event IconHovered    
2024-06-09T18:48:45.057576Z DEBUG transfer_window_view::game::events: Handling view event IconHovered    
2024-06-09T18:48:45.074480Z DEBUG transfer_window_view::game::events: Handling view event IconHovered    
2024-06-09T18:48:45.091073Z DEBUG transfer_window_view::game::events: Handling view event IconHovered    
2024-06-09T18:48:45.107645Z DEBUG transfer_window_view::game::events: Handling view event IconHovered    
2024-06-09T18:48:45.124243Z DEBUG transfer_window_view::game::events: Handling view event IconHovered    
2024-06-09T18:48:45.140793Z DEBUG transfer_window_view::game::events: Handling view event IconHovered    
2024-06-09T18:48:45.157427Z DEBUG transfer_window_view::game::events: Handling view event IconHovered    
2024-06-09T18:48:45.174293Z DEBUG transfer_window_view::game::events: Handling view event SetSelected(Vessel(Entity { index: 3, generation: 0 }))    
2024-06-09T18:48:45.174322Z DEBUG transfer_window_view::game::events: Handling view event IconHovered    
2024-06-09T18:48:45.193135Z DEBUG transfer_window_view::game::events: Handling view event IconHovered    
2024-06-09T18:48:45.208714Z DEBUG transfer_window_view::game::events: Handling view event IconHovered    
2024-06-09T18:48:45.925623Z DEBUG transfer_window_view::game::events: Handling view event SetSelected(Apsis { type_: Periapsis, entity: Entity { index: 3, generation: 0 }, time: 157354.74110878492 })    
2024-06-09T18:48:47.047265Z DEBUG transfer_window_view::game::events: Handling view event SetSelected(Apsis { type_: Apoapsis, entity: Entity { index: 3, generation: 0 }, time: 314709.48221756984 })    
2024-06-09T18:48:48.142073Z DEBUG transfer_window_view::game::events: Handling view event IconHovered    
2024-06-09T18:48:48.158916Z DEBUG transfer_window_view::game::events: Handling view event IconHovered    
2024-06-09T18:48:48.175858Z DEBUG transfer_window_view::game::events: Handling view event IconHovered    
2024-06-09T18:48:48.192112Z DEBUG transfer_window_view::game::events: Handling view event IconHovered    
2024-06-09T18:48:48.208844Z DEBUG transfer_window_view::game::events: Handling view event IconHovered    
2024-06-09T18:48:48.225704Z DEBUG transfer_window_view::game::events: Handling view event IconHovered    
2024-06-09T18:48:48.242233Z DEBUG transfer_window_view::game::events: Handling view event IconHovered    
2024-06-09T18:48:48.258578Z DEBUG transfer_window_view::game::events: Handling view event IconHovered    
2024-06-09T18:48:48.275603Z DEBUG transfer_window_view::game::events: Handling view event IconHovered    
2024-06-09T18:48:48.292198Z DEBUG transfer_window_view::game::events: Handling view event IconHovered    
2024-06-09T18:48:48.309014Z DEBUG transfer_window_view::game::events: Handling view event IconHovered    
2024-06-09T18:48:48.325386Z DEBUG transfer_window_view::game::events: Handling view event IconHovered    
2024-06-09T18:48:48.342023Z DEBUG transfer_window_view::game::events: Handling view event IconHovered    
2024-06-09T18:48:48.357217Z TRACE transfer_window_view::game::underlay::icons::apsis: Apsis icon clicked; switching to Selected    
2024-06-09T18:48:48.358756Z DEBUG transfer_window_view::game::events: Handling view event SetSelected(Apsis { type_: Apoapsis, entity: Entity { index: 3, generation: 0 }, time: 314709.48221756984 })    
2024-06-09T18:48:48.358779Z DEBUG transfer_window_view::game::events: Handling view event IconHovered    
2024-06-09T18:48:48.375567Z DEBUG transfer_window_view::game::events: Handling view event IconHovered    
2024-06-09T18:48:48.392360Z DEBUG transfer_window_view::game::events: Handling view event IconHovered    
2024-06-09T18:48:48.409012Z DEBUG transfer_window_view::game::events: Handling view event IconHovered    
2024-06-09T18:48:48.425522Z DEBUG transfer_window_view::game::events: Handling view event IconHovered    
2024-06-09T18:48:48.441990Z DEBUG transfer_window_view::game::events: Handling view event IconHovered    
2024-06-09T18:48:49.675416Z DEBUG transfer_window_view::game::events: Handling view event SetSelected(Apsis { type_: Periapsis, entity: Entity { index: 3, generation: 0 }, time: 157354.74110878492 })    
2024-06-09T18:48:52.775497Z DEBUG transfer_window_view::game::events: Handling view event SetSelected(Apsis { type_: Periapsis, entity: Entity { index: 3, generation: 0 }, time: 157354.74110878492 })    
2024-06-09T18:48:53.819117Z DEBUG eframe::native::glow_integration: Received WindowEvent::CloseRequested for viewport Some("FFFF")    
2024-06-09T18:48:53.825833Z DEBUG eframe::native::epi_integration: Closing root viewport (ViewportCommand::CancelClose was not sent)    
2024-06-09T18:48:53.835645Z DEBUG eframe::native::run: Asking to exit event loop…    
2024-06-09T18:48:53.852157Z  INFO transfer_window_view::resources: Destroying textures    
2024-06-09T18:48:53.854439Z DEBUG eframe::native::run: Received Event::LoopExiting - saving app state…    
2024-06-09T18:48:53.869000Z DEBUG eframe::native::run: eframe window closed    
